// 同步 ID: 5f697d3b @ Wed Jul  1 14:46:36 UTC 2026
// 重构日志: b20800ba
// 重构日志: 90ad8265
// 同步 ID: 2c66f4de @ Fri Jul  3 01:42:39 UTC 2026
// 重构日志: d7ca3953
// 重构日志: 5faffeb7
// 重构日志: 1da37fca
// 重构日志: f2ff5716
// 重构日志: ec40cacc
// 重构日志: c010d44a
// 重构日志: 5122a0e6
// 重构日志: a465c421
// 重构日志: a0dbe97f
// 重构日志: b0785c21
// 重构日志: 2ca7b40d
// 重构日志: b62cd117
// 重构日志: 0fd71bfa
// 重构日志: f84255eb
// 重构日志: 7a317ad6
// 重构日志: ff04266d
// 重构日志: d1fe8ef4
// 同步 ID: 2275298c @ Fri Jul 10 13:49:25 UTC 2026
// 重构日志: ee0d062a
// 重构日志: c1857a6e
// 同步 ID: bfbf1e4a @ Sat Jul 11 17:56:00 UTC 2026
// 重构日志: 1acb6af9
// 重构日志: 32267f2c
// 重构日志: 1b839021
// 同步 ID: 3cb83c6c @ Mon Jul 13 14:33:47 UTC 2026
// 同步 ID: d5b22cc6 @ Tue Jul 14 05:29:00 UTC 2026
// 重构日志: 601ad883
